{"/Users/dannyvanholten/Sites/append-search-params/src/index.ts": {"path":"/Users/dannyvanholten/Sites/append-search-params/src/index.ts","statementMap":{"0":{"start":{"line":1,"column":27},"end":{"line":8,"column":1}},"1":{"start":{"line":2,"column":20},"end":{"line":2,"column":59}},"2":{"start":{"line":4,"column":2},"end":{"line":5,"column":74}},"3":{"start":{"line":5,"column":18},"end":{"line":5,"column":20}},"4":{"start":{"line":5,"column":25},"end":{"line":5,"column":26}},"5":{"start":{"line":5,"column":31},"end":{"line":5,"column":73}},"6":{"start":{"line":7,"column":2},"end":{"line":7,"column":30}},"7":{"start":{"line":10,"column":9},"end":{"line":10,"column":27}}},"fnMap":{"0":{"name":"(anonymous_0)","decl":{"start":{"line":1,"column":27},"end":{"line":1,"column":28}},"loc":{"start":{"line":1,"column":84},"end":{"line":8,"column":1}}},"1":{"name":"(anonymous_1)","decl":{"start":{"line":5,"column":13},"end":{"line":5,"column":14}},"loc":{"start":{"line":5,"column":26},"end":{"line":5,"column":40}}}},"branchMap":{"0":{"loc":{"start":{"line":2,"column":20},"end":{"line":2,"column":59}},"type":"cond-expr","locations":[{"start":{"line":2,"column":41},"end":{"line":2,"column":44}},{"start":{"line":2,"column":47},"end":{"line":2,"column":59}}]},"1":{"loc":{"start":{"line":4,"column":17},"end":{"line":4,"column":35}},"type":"binary-expr","locations":[{"start":{"line":4,"column":17},"end":{"line":4,"column":29}},{"start":{"line":4,"column":33},"end":{"line":4,"column":35}}]}},"s":{"0":1,"1":2,"2":2,"3":2,"4":2,"5":2,"6":2,"7":1},"f":{"0":2,"1":2},"b":{"0":[1,1],"1":[2,0]}}
}
